<?xml version="1.0" encoding="UTF-8"?>
<!-- Generated by org.testng.reporters.JUnitReportReporter -->
<testsuite hostname="DESKTOP-8VOCDBD" failures="0" tests="1" name="runner.TC01_LoginPage" time="19.600" errors="0" timestamp="09 Jan 2025 05:18:35 GMT" skipped="0">
  <testcase classname="runner.TC01_LoginPage" name="runScenario" time="19.600"/>
</testsuite> <!-- runner.TC01_LoginPage -->
