<?xml version="1.0" encoding="UTF-8"?>
<!-- Generated by org.testng.reporters.JUnitReportReporter -->
<testsuite hostname="DESKTOP-8VOCDBD" failures="0" tests="2" name="runner.TC01_LoginPage" time="26.291" errors="0" timestamp="18 Sep 2025 16:01:35 GMT" skipped="0">
  <testcase classname="runner.TC01_LoginPage" name="runScenario" time="6.553"/>
  <testcase classname="runner.TC01_LoginPage" name="runScenario" time="19.738"/>
</testsuite> <!-- runner.TC01_LoginPage -->
