<?xml version="1.0" encoding="UTF-8"?>
<!-- Generated by org.testng.reporters.JUnitReportReporter -->
<testsuite hostname="DESKTOP-RBEDB73" failures="0" tests="1" name="runner.TC01_LoginPage" time="11.405" errors="0" timestamp="31 Aug 2024 09:51:14 GMT" skipped="0">
  <testcase classname="runner.TC01_LoginPage" name="runScenario" time="11.405"/>
</testsuite> <!-- runner.TC01_LoginPage -->
