<?xml version="1.0" encoding="UTF-8"?>
<!-- Generated by org.testng.reporters.JUnitReportReporter -->
<testsuite hostname="DESKTOP-8VOCDBD" failures="0" tests="2" name="runner.TC01_LoginPage" time="20.043" errors="0" timestamp="06 Sep 2025 05:38:20 GMT" skipped="2">
  <testcase classname="runner.TC01_LoginPage" name="runScenario" time="11.404">
    <skipped/>
  </testcase> <!-- runScenario -->
  <testcase classname="runner.TC01_LoginPage" name="runScenario" time="8.639">
    <skipped/>
  </testcase> <!-- runScenario -->
</testsuite> <!-- runner.TC01_LoginPage -->
