<?xml version="1.0" encoding="UTF-8"?>
<!-- Generated by org.testng.reporters.JUnitReportReporter -->
<testsuite hostname="DESKTOP-8VOCDBD" failures="0" tests="2" name="runner.TC01_LoginPage" time="59.193" errors="0" timestamp="06 Sep 2025 05:43:05 GMT" skipped="2">
  <testcase classname="runner.TC01_LoginPage" name="runScenario" time="29.972">
    <skipped/>
  </testcase> <!-- runScenario -->
  <testcase classname="runner.TC01_LoginPage" name="runScenario" time="29.221">
    <skipped/>
  </testcase> <!-- runScenario -->
</testsuite> <!-- runner.TC01_LoginPage -->
