<?xml version="1.0" encoding="UTF-8"?>
<!-- Generated by org.testng.reporters.JUnitReportReporter -->
<testsuite hostname="DESKTOP-8VOCDBD" failures="0" tests="1" name="runner.TC01_LoginPage" time="11.289" errors="0" timestamp="10 Jan 2025 05:43:43 GMT" skipped="0">
  <testcase classname="runner.TC01_LoginPage" name="runScenario" time="11.289"/>
</testsuite> <!-- runner.TC01_LoginPage -->
